  rational_map.cpp
C:\Program Files (x86)\Microsoft Visual Studio\2019\Community\VC\Tools\MSVC\14.21.27702\include\xstddef(124,1): error C2678:  бинарный "<": не найден оператор, принимающий левый операнд типа "const _Ty" (или приемлемое преобразование отсутствует)
C:\Program Files (x86)\Microsoft Visual Studio\2019\Community\VC\Tools\MSVC\14.21.27702\include\xstddef(124,1): error C2678:         with
C:\Program Files (x86)\Microsoft Visual Studio\2019\Community\VC\Tools\MSVC\14.21.27702\include\xstddef(124,1): error C2678:         [
C:\Program Files (x86)\Microsoft Visual Studio\2019\Community\VC\Tools\MSVC\14.21.27702\include\xstddef(124,1): error C2678:             _Ty=Rational
C:\Program Files (x86)\Microsoft Visual Studio\2019\Community\VC\Tools\MSVC\14.21.27702\include\xstddef(124,1): error C2678:         ]
C:\Program Files (x86)\Microsoft Visual Studio\2019\Community\VC\Tools\MSVC\14.21.27702\include\system_error(264,24): message :  может быть "bool std::operator <(const std::error_condition &,const std::error_condition &) noexcept"
C:\Program Files (x86)\Microsoft Visual Studio\2019\Community\VC\Tools\MSVC\14.21.27702\include\system_error(259,24): message :  или       "bool std::operator <(const std::error_code &,const std::error_code &) noexcept"
C:\Program Files (x86)\Microsoft Visual Studio\2019\Community\VC\Tools\MSVC\14.21.27702\include\xstddef(124,1): message :  при попытке сопоставить список аргументов "(const _Ty, const _Ty)"
C:\Program Files (x86)\Microsoft Visual Studio\2019\Community\VC\Tools\MSVC\14.21.27702\include\xstddef(124,1): message :         with
C:\Program Files (x86)\Microsoft Visual Studio\2019\Community\VC\Tools\MSVC\14.21.27702\include\xstddef(124,1): message :         [
C:\Program Files (x86)\Microsoft Visual Studio\2019\Community\VC\Tools\MSVC\14.21.27702\include\xstddef(124,1): message :             _Ty=Rational
C:\Program Files (x86)\Microsoft Visual Studio\2019\Community\VC\Tools\MSVC\14.21.27702\include\xstddef(124,1): message :         ]
C:\Program Files (x86)\Microsoft Visual Studio\2019\Community\VC\Tools\MSVC\14.21.27702\include\xstddef(123): message :  во время компиляции функции-члена класс шаблон "bool std::less<_Kty>::operator ()(const _Ty &,const _Ty &) const"
C:\Program Files (x86)\Microsoft Visual Studio\2019\Community\VC\Tools\MSVC\14.21.27702\include\xstddef(123): message :         with
C:\Program Files (x86)\Microsoft Visual Studio\2019\Community\VC\Tools\MSVC\14.21.27702\include\xstddef(123): message :         [
C:\Program Files (x86)\Microsoft Visual Studio\2019\Community\VC\Tools\MSVC\14.21.27702\include\xstddef(123): message :             _Kty=Rational,
C:\Program Files (x86)\Microsoft Visual Studio\2019\Community\VC\Tools\MSVC\14.21.27702\include\xstddef(123): message :             _Ty=Rational
C:\Program Files (x86)\Microsoft Visual Studio\2019\Community\VC\Tools\MSVC\14.21.27702\include\xstddef(123): message :         ]
C:\Program Files (x86)\Microsoft Visual Studio\2019\Community\VC\Tools\MSVC\14.21.27702\include\xutility(627): message :  выполняется компиляция ссылки на экземпляр шаблон функции "bool std::less<_Kty>::operator ()(const _Ty &,const _Ty &) const"
C:\Program Files (x86)\Microsoft Visual Studio\2019\Community\VC\Tools\MSVC\14.21.27702\include\xutility(627): message :         with
C:\Program Files (x86)\Microsoft Visual Studio\2019\Community\VC\Tools\MSVC\14.21.27702\include\xutility(627): message :         [
C:\Program Files (x86)\Microsoft Visual Studio\2019\Community\VC\Tools\MSVC\14.21.27702\include\xutility(627): message :             _Kty=Rational,
C:\Program Files (x86)\Microsoft Visual Studio\2019\Community\VC\Tools\MSVC\14.21.27702\include\xutility(627): message :             _Ty=Rational
C:\Program Files (x86)\Microsoft Visual Studio\2019\Community\VC\Tools\MSVC\14.21.27702\include\xutility(627): message :         ]
C:\Program Files (x86)\Microsoft Visual Studio\2019\Community\VC\Tools\MSVC\14.21.27702\include\xmemory0(1503): message :  выполняется компиляция ссылки на экземпляр класс шаблон функции "std::less<_Kty>"
C:\Program Files (x86)\Microsoft Visual Studio\2019\Community\VC\Tools\MSVC\14.21.27702\include\xmemory0(1503): message :         with
C:\Program Files (x86)\Microsoft Visual Studio\2019\Community\VC\Tools\MSVC\14.21.27702\include\xmemory0(1503): message :         [
C:\Program Files (x86)\Microsoft Visual Studio\2019\Community\VC\Tools\MSVC\14.21.27702\include\xmemory0(1503): message :             _Kty=Rational
C:\Program Files (x86)\Microsoft Visual Studio\2019\Community\VC\Tools\MSVC\14.21.27702\include\xmemory0(1503): message :         ]
C:\Program Files (x86)\Microsoft Visual Studio\2019\Community\VC\Tools\MSVC\14.21.27702\include\xmemory0(1502): message :  выполняется компиляция ссылки на шаблон переменной "const bool is_empty_v<std::less<Rational> >"
C:\Program Files (x86)\Microsoft Visual Studio\2019\Community\VC\Tools\MSVC\14.21.27702\include\set(46): message :  выполняется компиляция ссылки на экземпляр класс шаблон функции "std::_Tree<std::_Tset_traits<_Kty,_Pr,_Alloc,false>>"
C:\Program Files (x86)\Microsoft Visual Studio\2019\Community\VC\Tools\MSVC\14.21.27702\include\set(46): message :         with
C:\Program Files (x86)\Microsoft Visual Studio\2019\Community\VC\Tools\MSVC\14.21.27702\include\set(46): message :         [
C:\Program Files (x86)\Microsoft Visual Studio\2019\Community\VC\Tools\MSVC\14.21.27702\include\set(46): message :             _Kty=Rational,
C:\Program Files (x86)\Microsoft Visual Studio\2019\Community\VC\Tools\MSVC\14.21.27702\include\set(46): message :             _Pr=std::less<Rational>,
C:\Program Files (x86)\Microsoft Visual Studio\2019\Community\VC\Tools\MSVC\14.21.27702\include\set(46): message :             _Alloc=std::allocator<Rational>
C:\Program Files (x86)\Microsoft Visual Studio\2019\Community\VC\Tools\MSVC\14.21.27702\include\set(46): message :         ]
C:\Users\rledo\OneDrive\Рабочий стол\C++\Coursera\White\WEEK4\11_5\rational_map.cpp(66): message :  выполняется компиляция ссылки на экземпляр класс шаблон функции "std::set<Rational,std::less<_Kty>,std::allocator<_Kty>>"
C:\Users\rledo\OneDrive\Рабочий стол\C++\Coursera\White\WEEK4\11_5\rational_map.cpp(66): message :         with
C:\Users\rledo\OneDrive\Рабочий стол\C++\Coursera\White\WEEK4\11_5\rational_map.cpp(66): message :         [
C:\Users\rledo\OneDrive\Рабочий стол\C++\Coursera\White\WEEK4\11_5\rational_map.cpp(66): message :             _Kty=Rational
C:\Users\rledo\OneDrive\Рабочий стол\C++\Coursera\White\WEEK4\11_5\rational_map.cpp(66): message :         ]
